<?xml version="1.0" encoding="UTF-8"?>
<!-- Generated by org.testng.reporters.JUnitReportReporter -->
<testsuite hostname="DESKTOP-561TT9T" failures="0" tests="3" name="Guru99Testcases.guruDemoSiteTestCases" time="5.355" errors="0" timestamp="2024-10-28T23:12:07 IST" skipped="0">
  <testcase classname="Guru99Testcases.guruDemoSiteTestCases" name="addCustomer" time="2.146"/>
  <system-out/>
  <testcase classname="Guru99Testcases.guruDemoSiteTestCases" name="addTariffPlan" time="1.741"/>
  <system-out/>
  <testcase classname="Guru99Testcases.guruDemoSiteTestCases" name="addTariffPlantoCustomer" time="1.468"/>
  <system-out/>
</testsuite> <!-- Guru99Testcases.guruDemoSiteTestCases -->
