<?xml version="1.0" encoding="UTF-8"?>
<!-- Generated by org.testng.reporters.JUnitReportReporter -->
<testsuite hostname="DESKTOP-561TT9T" failures="0" tests="3" name="Guru99Testcases.Guru2" time="6.604" errors="0" timestamp="2024-11-17T15:09:42 IST" skipped="0">
  <testcase classname="Guru99Testcases.Guru2" name="addCustomer" time="2.799"/>
  <system-out/>
  <testcase classname="Guru99Testcases.Guru2" name="addTariffPlan" time="2.200"/>
  <system-out/>
  <testcase classname="Guru99Testcases.Guru2" name="addTariffPlantoCustomer" time="1.605"/>
  <system-out/>
</testsuite> <!-- Guru99Testcases.Guru2 -->
