<?xml version="1.0" encoding="UTF-8"?>
<!-- Generated by org.testng.reporters.JUnitReportReporter -->
<testsuite hostname="DESKTOP-561TT9T" failures="0" tests="3" name="Guru99Testcases.guruDemoSiteTestCases" time="18.402" errors="0" timestamp="2024-08-07T21:21:13 IST" skipped="0">
  <testcase classname="Guru99Testcases.guruDemoSiteTestCases" name="addCustomer" time="6.062"/>
  <system-out/>
  <testcase classname="Guru99Testcases.guruDemoSiteTestCases" name="addTariffPlan" time="6.050"/>
  <system-out/>
  <testcase classname="Guru99Testcases.guruDemoSiteTestCases" name="addTariffPlantoCustomer" time="6.290"/>
  <system-out/>
</testsuite> <!-- Guru99Testcases.guruDemoSiteTestCases -->
