<?xml version="1.0" encoding="UTF-8"?>
<!-- Generated by org.testng.reporters.JUnitReportReporter -->
<testsuite hostname="DESKTOP-561TT9T" failures="0" tests="3" name="Guru99Testcases.guruDemoSiteTestCases" time="8.722" errors="0" timestamp="2024-09-18T23:36:57 IST" skipped="0">
  <testcase classname="Guru99Testcases.guruDemoSiteTestCases" name="addCustomer" time="3.584"/>
  <system-out/>
  <testcase classname="Guru99Testcases.guruDemoSiteTestCases" name="addTariffPlan" time="2.538"/>
  <system-out/>
  <testcase classname="Guru99Testcases.guruDemoSiteTestCases" name="addTariffPlantoCustomer" time="2.600"/>
  <system-out/>
</testsuite> <!-- Guru99Testcases.guruDemoSiteTestCases -->
