<?xml version="1.0" encoding="UTF-8"?>
<!-- Generated by org.testng.reporters.JUnitReportReporter -->
<testsuite hostname="DESKTOP-561TT9T" failures="0" tests="1" name="Runner.Guru99Runner" time="24.221" errors="0" timestamp="2024-11-21T22:46:22 IST" skipped="0">
  <testcase classname="Runner.Guru99Runner" name="runScenario" time="24.221"/>
  <system-out/>
</testsuite> <!-- Runner.Guru99Runner -->
